2021-05-14 18:43:22,914 INFO org.springframework.boot.StartupInfoLogger [main] Starting DemoGraylogSpringbootApplication using Java 15 on Dragans-MacBook-Pro.local with PID 10325 (/Users/draganmijatovic/work/petar/src/demo-graylog-springboot/target/classes started by draganmijatovic in /Users/draganmijatovic/work/petar/src/demo-graylog-springboot)
2021-05-14 18:43:22,916 DEBUG org.springframework.boot.StartupInfoLogger [main] Running with Spring Boot v2.4.5, Spring v5.3.6
2021-05-14 18:43:22,917 INFO org.springframework.boot.SpringApplication [main] No active profile set, falling back to default profiles: default
2021-05-14 18:43:23,682 INFO org.springframework.boot.web.embedded.tomcat.TomcatWebServer [main] Tomcat initialized with port(s): 8080 (http)
2021-05-14 18:43:23,695 INFO org.apache.juli.logging.DirectJDKLog [main] Initializing ProtocolHandler ["http-nio-8080"]
2021-05-14 18:43:23,695 INFO org.apache.juli.logging.DirectJDKLog [main] Starting service [Tomcat]
2021-05-14 18:43:23,696 INFO org.apache.juli.logging.DirectJDKLog [main] Starting Servlet engine: [Apache Tomcat/9.0.45]
2021-05-14 18:43:23,762 INFO org.apache.juli.logging.DirectJDKLog [main] Initializing Spring embedded WebApplicationContext
2021-05-14 18:43:23,762 INFO org.springframework.boot.web.servlet.context.ServletWebServerApplicationContext [main] Root WebApplicationContext: initialization completed in 796 ms
2021-05-14 18:43:23,917 INFO org.springframework.scheduling.concurrent.ExecutorConfigurationSupport [main] Initializing ExecutorService 'applicationTaskExecutor'
2021-05-14 18:43:24,109 INFO org.apache.juli.logging.DirectJDKLog [main] Starting ProtocolHandler ["http-nio-8080"]
2021-05-14 18:43:24,136 INFO org.springframework.boot.web.embedded.tomcat.TomcatWebServer [main] Tomcat started on port(s): 8080 (http) with context path ''
2021-05-14 18:43:24,147 INFO org.springframework.boot.StartupInfoLogger [main] Started DemoGraylogSpringbootApplication in 1.657 seconds (JVM running for 2.472)
2021-05-14 18:48:06,179 INFO org.springframework.boot.StartupInfoLogger [main] Starting DemoGraylogSpringbootApplication using Java 15 on Dragans-MacBook-Pro.local with PID 10983 (/Users/draganmijatovic/work/petar/src/demo-graylog-springboot/target/classes started by draganmijatovic in /Users/draganmijatovic/work/petar/src/demo-graylog-springboot)
2021-05-14 18:48:06,182 DEBUG org.springframework.boot.StartupInfoLogger [main] Running with Spring Boot v2.4.5, Spring v5.3.6
2021-05-14 18:48:06,182 INFO org.springframework.boot.SpringApplication [main] No active profile set, falling back to default profiles: default
2021-05-14 18:48:06,911 INFO org.springframework.boot.web.embedded.tomcat.TomcatWebServer [main] Tomcat initialized with port(s): 8080 (http)
2021-05-14 18:48:06,925 INFO org.apache.juli.logging.DirectJDKLog [main] Initializing ProtocolHandler ["http-nio-8080"]
2021-05-14 18:48:06,925 INFO org.apache.juli.logging.DirectJDKLog [main] Starting service [Tomcat]
2021-05-14 18:48:06,926 INFO org.apache.juli.logging.DirectJDKLog [main] Starting Servlet engine: [Apache Tomcat/9.0.45]
2021-05-14 18:48:06,987 INFO org.apache.juli.logging.DirectJDKLog [main] Initializing Spring embedded WebApplicationContext
2021-05-14 18:48:06,987 INFO org.springframework.boot.web.servlet.context.ServletWebServerApplicationContext [main] Root WebApplicationContext: initialization completed in 762 ms
2021-05-14 18:48:07,123 INFO org.springframework.scheduling.concurrent.ExecutorConfigurationSupport [main] Initializing ExecutorService 'applicationTaskExecutor'
2021-05-14 18:48:07,270 INFO org.apache.juli.logging.DirectJDKLog [main] Starting ProtocolHandler ["http-nio-8080"]
2021-05-14 18:48:07,287 WARN org.springframework.context.support.AbstractApplicationContext [main] Exception encountered during context initialization - cancelling refresh attempt: org.springframework.context.ApplicationContextException: Failed to start bean 'webServerStartStop'; nested exception is org.springframework.boot.web.server.PortInUseException: Port 8080 is already in use
2021-05-14 18:48:07,288 INFO org.springframework.scheduling.concurrent.ExecutorConfigurationSupport [main] Shutting down ExecutorService 'applicationTaskExecutor'
2021-05-14 18:48:07,291 INFO org.apache.juli.logging.DirectJDKLog [main] Pausing ProtocolHandler ["http-nio-8080"]
2021-05-14 18:48:07,291 INFO org.apache.juli.logging.DirectJDKLog [main] Stopping service [Tomcat]
2021-05-14 18:48:07,296 INFO org.apache.juli.logging.DirectJDKLog [main] Stopping ProtocolHandler ["http-nio-8080"]
2021-05-14 18:48:07,296 INFO org.apache.juli.logging.DirectJDKLog [main] Destroying ProtocolHandler ["http-nio-8080"]
2021-05-14 18:48:07,303 INFO org.springframework.boot.autoconfigure.logging.ConditionEvaluationReportLoggingListener [main] 

Error starting ApplicationContext. To display the conditions report re-run your application with 'debug' enabled.
2021-05-14 18:48:07,330 ERROR org.springframework.boot.diagnostics.LoggingFailureAnalysisReporter [main] 

***************************
APPLICATION FAILED TO START
***************************

Description:

Web server failed to start. Port 8080 was already in use.

Action:

Identify and stop the process that's listening on port 8080 or configure this application to listen on another port.

2021-05-14 18:48:14,235 INFO org.springframework.scheduling.concurrent.ExecutorConfigurationSupport [SpringContextShutdownHook] Shutting down ExecutorService 'applicationTaskExecutor'
2021-05-14 18:48:24,838 INFO org.springframework.boot.StartupInfoLogger [main] Starting DemoGraylogSpringbootApplication using Java 15 on Dragans-MacBook-Pro.local with PID 11376 (/Users/draganmijatovic/work/petar/src/demo-graylog-springboot/target/classes started by draganmijatovic in /Users/draganmijatovic/work/petar/src/demo-graylog-springboot)
2021-05-14 18:48:24,841 DEBUG org.springframework.boot.StartupInfoLogger [main] Running with Spring Boot v2.4.5, Spring v5.3.6
2021-05-14 18:48:24,841 INFO org.springframework.boot.SpringApplication [main] No active profile set, falling back to default profiles: default
2021-05-14 18:48:25,562 INFO org.springframework.boot.web.embedded.tomcat.TomcatWebServer [main] Tomcat initialized with port(s): 8080 (http)
2021-05-14 18:48:25,572 INFO org.apache.juli.logging.DirectJDKLog [main] Initializing ProtocolHandler ["http-nio-8080"]
2021-05-14 18:48:25,572 INFO org.apache.juli.logging.DirectJDKLog [main] Starting service [Tomcat]
2021-05-14 18:48:25,573 INFO org.apache.juli.logging.DirectJDKLog [main] Starting Servlet engine: [Apache Tomcat/9.0.45]
2021-05-14 18:48:25,631 INFO org.apache.juli.logging.DirectJDKLog [main] Initializing Spring embedded WebApplicationContext
2021-05-14 18:48:25,632 INFO org.springframework.boot.web.servlet.context.ServletWebServerApplicationContext [main] Root WebApplicationContext: initialization completed in 747 ms
2021-05-14 18:48:25,777 INFO org.springframework.scheduling.concurrent.ExecutorConfigurationSupport [main] Initializing ExecutorService 'applicationTaskExecutor'
2021-05-14 18:48:25,909 INFO org.apache.juli.logging.DirectJDKLog [main] Starting ProtocolHandler ["http-nio-8080"]
2021-05-14 18:48:25,944 INFO org.springframework.boot.web.embedded.tomcat.TomcatWebServer [main] Tomcat started on port(s): 8080 (http) with context path ''
2021-05-14 18:48:25,953 INFO org.springframework.boot.StartupInfoLogger [main] Started DemoGraylogSpringbootApplication in 1.522 seconds (JVM running for 1.83)
2021-05-14 18:50:22,830 INFO org.apache.juli.logging.DirectJDKLog [http-nio-8080-exec-2] Initializing Spring DispatcherServlet 'dispatcherServlet'
2021-05-14 18:50:22,831 INFO org.springframework.web.servlet.FrameworkServlet [http-nio-8080-exec-2] Initializing Servlet 'dispatcherServlet'
2021-05-14 18:50:22,833 INFO org.springframework.web.servlet.FrameworkServlet [http-nio-8080-exec-2] Completed initialization in 2 ms
2021-05-14 18:50:22,871 INFO com.example.demo.controller.HelloWorldController [http-nio-8080-exec-2] Hello INFO World!
2021-05-14 18:50:22,871 DEBUG com.example.demo.controller.HelloWorldController [http-nio-8080-exec-2] Hello DEBUG World!
2021-05-14 18:50:37,214 INFO org.springframework.scheduling.concurrent.ExecutorConfigurationSupport [SpringContextShutdownHook] Shutting down ExecutorService 'applicationTaskExecutor'
2021-05-14 18:53:06,388 INFO org.springframework.boot.StartupInfoLogger [main] Starting DemoGraylogSpringbootApplication using Java 15 on Dragans-MacBook-Pro.local with PID 11729 (/Users/draganmijatovic/work/petar/src/demo-graylog-springboot/target/classes started by draganmijatovic in /Users/draganmijatovic/work/petar/src/demo-graylog-springboot)
2021-05-14 18:53:06,392 DEBUG org.springframework.boot.StartupInfoLogger [main] Running with Spring Boot v2.4.5, Spring v5.3.6
2021-05-14 18:53:06,392 INFO org.springframework.boot.SpringApplication [main] No active profile set, falling back to default profiles: default
2021-05-14 18:53:07,275 INFO org.springframework.boot.web.embedded.tomcat.TomcatWebServer [main] Tomcat initialized with port(s): 8080 (http)
2021-05-14 18:53:07,292 INFO org.apache.juli.logging.DirectJDKLog [main] Initializing ProtocolHandler ["http-nio-8080"]
2021-05-14 18:53:07,293 INFO org.apache.juli.logging.DirectJDKLog [main] Starting service [Tomcat]
2021-05-14 18:53:07,293 INFO org.apache.juli.logging.DirectJDKLog [main] Starting Servlet engine: [Apache Tomcat/9.0.45]
2021-05-14 18:53:07,356 INFO org.apache.juli.logging.DirectJDKLog [main] Initializing Spring embedded WebApplicationContext
2021-05-14 18:53:07,357 INFO org.springframework.boot.web.servlet.context.ServletWebServerApplicationContext [main] Root WebApplicationContext: initialization completed in 911 ms
2021-05-14 18:53:07,512 INFO org.springframework.scheduling.concurrent.ExecutorConfigurationSupport [main] Initializing ExecutorService 'applicationTaskExecutor'
2021-05-14 18:53:07,676 INFO org.apache.juli.logging.DirectJDKLog [main] Starting ProtocolHandler ["http-nio-8080"]
2021-05-14 18:53:07,705 INFO org.springframework.boot.web.embedded.tomcat.TomcatWebServer [main] Tomcat started on port(s): 8080 (http) with context path ''
2021-05-14 18:53:07,715 INFO org.springframework.boot.StartupInfoLogger [main] Started DemoGraylogSpringbootApplication in 1.994 seconds (JVM running for 2.337)
2021-05-14 18:53:19,182 INFO org.apache.juli.logging.DirectJDKLog [http-nio-8080-exec-2] Initializing Spring DispatcherServlet 'dispatcherServlet'
2021-05-14 18:53:19,182 INFO org.springframework.web.servlet.FrameworkServlet [http-nio-8080-exec-2] Initializing Servlet 'dispatcherServlet'
2021-05-14 18:53:19,183 INFO org.springframework.web.servlet.FrameworkServlet [http-nio-8080-exec-2] Completed initialization in 1 ms
2021-05-14 18:53:19,207 INFO com.example.demo.controller.HelloWorldController [http-nio-8080-exec-2] Hello INFO World!
2021-05-14 18:53:19,208 DEBUG com.example.demo.controller.HelloWorldController [http-nio-8080-exec-2] Hello DEBUG World!
2021-05-14 18:53:19,892 INFO com.example.demo.controller.HelloWorldController [http-nio-8080-exec-3] Hello INFO World!
2021-05-14 18:53:19,893 DEBUG com.example.demo.controller.HelloWorldController [http-nio-8080-exec-3] Hello DEBUG World!
2021-05-14 18:53:20,765 INFO com.example.demo.controller.HelloWorldController [http-nio-8080-exec-4] Hello INFO World!
2021-05-14 18:53:20,765 DEBUG com.example.demo.controller.HelloWorldController [http-nio-8080-exec-4] Hello DEBUG World!
2021-05-14 18:53:21,535 INFO com.example.demo.controller.HelloWorldController [http-nio-8080-exec-5] Hello INFO World!
2021-05-14 18:53:21,536 DEBUG com.example.demo.controller.HelloWorldController [http-nio-8080-exec-5] Hello DEBUG World!
2021-05-14 18:53:21,930 INFO com.example.demo.controller.HelloWorldController [http-nio-8080-exec-6] Hello INFO World!
2021-05-14 18:53:21,930 DEBUG com.example.demo.controller.HelloWorldController [http-nio-8080-exec-6] Hello DEBUG World!
2021-05-14 18:54:43,203 INFO org.springframework.scheduling.concurrent.ExecutorConfigurationSupport [SpringContextShutdownHook] Shutting down ExecutorService 'applicationTaskExecutor'
